{"C:\\Users\\gmont\\Documents\\tcc\\faeterj-academics\\assets\\app_icon.jpg": {"path":"C:\\Users\\gmont\\Documents\\tcc\\faeterj-academics\\assets\\app_icon.jpg","statementMap":{"0":{"start":{"line":1,"column":0},"end":{"line":1,"column":19}}},"fnMap":{},"branchMap":{},"s":{"0":1},"f":{},"b":{},"_coverageSchema":"1a1c01bbd47fc00a2c39e90264f33305004495a9","hash":"e3dd5ed198e9e96224aa652410b7aba8e1333083"}
,"C:\\Users\\gmont\\Documents\\tcc\\faeterj-academics\\src\\HOC\\withGuestLayout.tsx": {"path":"C:\\Users\\gmont\\Documents\\tcc\\faeterj-academics\\src\\HOC\\withGuestLayout.tsx","statementMap":{"0":{"start":{"line":4,"column":31},"end":{"line":20,"column":1}},"1":{"start":{"line":4,"column":96},"end":{"line":20,"column":1}},"2":{"start":{"line":5,"column":18},"end":{"line":5,"column":28}},"3":{"start":{"line":6,"column":4},"end":{"line":19,"column":6}}},"fnMap":{"0":{"name":"(anonymous_0)","decl":{"start":{"line":4,"column":31},"end":{"line":4,"column":32}},"loc":{"start":{"line":4,"column":96},"end":{"line":20,"column":1}},"line":4},"1":{"name":"(anonymous_1)","decl":{"start":{"line":4,"column":96},"end":{"line":4,"column":97}},"loc":{"start":{"line":4,"column":115},"end":{"line":20,"column":1}},"line":4}},"branchMap":{},"s":{"0":1,"1":1,"2":1,"3":1},"f":{"0":1,"1":1},"b":{},"_coverageSchema":"1a1c01bbd47fc00a2c39e90264f33305004495a9","hash":"99806f8a0e409bdef827f284d86a104ceaeeabfd"}
,"C:\\Users\\gmont\\Documents\\tcc\\faeterj-academics\\src\\components\\ErrorMessage\\index.tsx": {"path":"C:\\Users\\gmont\\Documents\\tcc\\faeterj-academics\\src\\components\\ErrorMessage\\index.tsx","statementMap":{"0":{"start":{"line":5,"column":57},"end":{"line":12,"column":1}},"1":{"start":{"line":6,"column":18},"end":{"line":6,"column":28}},"2":{"start":{"line":7,"column":4},"end":{"line":11,"column":5}}},"fnMap":{"0":{"name":"(anonymous_0)","decl":{"start":{"line":5,"column":57},"end":{"line":5,"column":58}},"loc":{"start":{"line":5,"column":79},"end":{"line":12,"column":1}},"line":5}},"branchMap":{},"s":{"0":1,"1":0,"2":0},"f":{"0":0},"b":{},"_coverageSchema":"1a1c01bbd47fc00a2c39e90264f33305004495a9","hash":"98abe1ada8c508a144a53bc7da8cd2d4217fef94"}
,"C:\\Users\\gmont\\Documents\\tcc\\faeterj-academics\\src\\helpers\\constants.ts": {"path":"C:\\Users\\gmont\\Documents\\tcc\\faeterj-academics\\src\\helpers\\constants.ts","statementMap":{"0":{"start":{"line":1,"column":25},"end":{"line":1,"column":32}},"1":{"start":{"line":2,"column":28},"end":{"line":2,"column":38}}},"fnMap":{},"branchMap":{},"s":{"0":1,"1":1},"f":{},"b":{},"_coverageSchema":"1a1c01bbd47fc00a2c39e90264f33305004495a9","hash":"4e439066b1b9a014ec27ed5db57c7b31db5a766e"}
,"C:\\Users\\gmont\\Documents\\tcc\\faeterj-academics\\src\\helpers\\index.tsx": {"path":"C:\\Users\\gmont\\Documents\\tcc\\faeterj-academics\\src\\helpers\\index.tsx","statementMap":{"0":{"start":{"line":4,"column":32},"end":{"line":15,"column":1}},"1":{"start":{"line":5,"column":35},"end":{"line":8,"column":5}},"2":{"start":{"line":10,"column":4},"end":{"line":12,"column":5}},"3":{"start":{"line":11,"column":8},"end":{"line":11,"column":31}},"4":{"start":{"line":14,"column":4},"end":{"line":14,"column":17}},"5":{"start":{"line":16,"column":29},"end":{"line":37,"column":1}},"6":{"start":{"line":17,"column":4},"end":{"line":22,"column":5}},"7":{"start":{"line":18,"column":8},"end":{"line":21,"column":9}},"8":{"start":{"line":24,"column":4},"end":{"line":31,"column":5}},"9":{"start":{"line":27,"column":8},"end":{"line":30,"column":9}},"10":{"start":{"line":33,"column":4},"end":{"line":36,"column":5}}},"fnMap":{"0":{"name":"(anonymous_0)","decl":{"start":{"line":4,"column":32},"end":{"line":4,"column":33}},"loc":{"start":{"line":4,"column":70},"end":{"line":15,"column":1}},"line":4},"1":{"name":"(anonymous_1)","decl":{"start":{"line":16,"column":29},"end":{"line":16,"column":30}},"loc":{"start":{"line":16,"column":84},"end":{"line":37,"column":1}},"line":16}},"branchMap":{"0":{"loc":{"start":{"line":10,"column":4},"end":{"line":12,"column":5}},"type":"if","locations":[{"start":{"line":10,"column":4},"end":{"line":12,"column":5}},{"start":{},"end":{}}],"line":10},"1":{"loc":{"start":{"line":10,"column":8},"end":{"line":10,"column":43}},"type":"binary-expr","locations":[{"start":{"line":10,"column":8},"end":{"line":10,"column":14}},{"start":{"line":10,"column":18},"end":{"line":10,"column":43}}],"line":10},"2":{"loc":{"start":{"line":16,"column":45},"end":{"line":16,"column":61}},"type":"default-arg","locations":[{"start":{"line":16,"column":56},"end":{"line":16,"column":61}}],"line":16},"3":{"loc":{"start":{"line":17,"column":4},"end":{"line":22,"column":5}},"type":"if","locations":[{"start":{"line":17,"column":4},"end":{"line":22,"column":5}},{"start":{},"end":{}}],"line":17},"4":{"loc":{"start":{"line":17,"column":7},"end":{"line":17,"column":52}},"type":"binary-expr","locations":[{"start":{"line":17,"column":7},"end":{"line":17,"column":15}},{"start":{"line":17,"column":19},"end":{"line":17,"column":52}}],"line":17},"5":{"loc":{"start":{"line":24,"column":4},"end":{"line":31,"column":5}},"type":"if","locations":[{"start":{"line":24,"column":4},"end":{"line":31,"column":5}},{"start":{},"end":{}}],"line":24}},"s":{"0":1,"1":0,"2":0,"3":0,"4":0,"5":1,"6":0,"7":0,"8":0,"9":0,"10":0},"f":{"0":0,"1":0},"b":{"0":[0,0],"1":[0,0],"2":[0],"3":[0,0],"4":[0,0],"5":[0,0]},"_coverageSchema":"1a1c01bbd47fc00a2c39e90264f33305004495a9","hash":"1499ad2e3edd5e37e0a59116299d54dda5f15bf1"}
,"C:\\Users\\gmont\\Documents\\tcc\\faeterj-academics\\src\\screens\\login\\constants.ts": {"path":"C:\\Users\\gmont\\Documents\\tcc\\faeterj-academics\\src\\screens\\login\\constants.ts","statementMap":{"0":{"start":{"line":1,"column":36},"end":{"line":1,"column":56}},"1":{"start":{"line":2,"column":39},"end":{"line":2,"column":59}},"2":{"start":{"line":3,"column":35},"end":{"line":3,"column":52}}},"fnMap":{},"branchMap":{},"s":{"0":1,"1":1,"2":1},"f":{},"b":{},"_coverageSchema":"1a1c01bbd47fc00a2c39e90264f33305004495a9","hash":"cacb4a2abfc41f0ad45ffe1480ceeedbce8cf2cd"}
,"C:\\Users\\gmont\\Documents\\tcc\\faeterj-academics\\src\\screens\\login\\index.tsx": {"path":"C:\\Users\\gmont\\Documents\\tcc\\faeterj-academics\\src\\screens\\login\\index.tsx","statementMap":{"0":{"start":{"line":11,"column":36},"end":{"line":14,"column":1}},"1":{"start":{"line":16,"column":40},"end":{"line":21,"column":1}},"2":{"start":{"line":23,"column":27},"end":{"line":128,"column":2}},"3":{"start":{"line":24,"column":28},"end":{"line":24,"column":65}},"4":{"start":{"line":25,"column":32},"end":{"line":25,"column":73}},"5":{"start":{"line":26,"column":30},"end":{"line":41,"column":5}},"6":{"start":{"line":27,"column":27},"end":{"line":27,"column":53}},"7":{"start":{"line":29,"column":8},"end":{"line":35,"column":11}},"8":{"start":{"line":29,"column":31},"end":{"line":35,"column":9}},"9":{"start":{"line":37,"column":8},"end":{"line":40,"column":11}},"10":{"start":{"line":37,"column":27},"end":{"line":40,"column":9}},"11":{"start":{"line":43,"column":33},"end":{"line":56,"column":5}},"12":{"start":{"line":44,"column":27},"end":{"line":44,"column":50}},"13":{"start":{"line":46,"column":8},"end":{"line":50,"column":11}},"14":{"start":{"line":46,"column":31},"end":{"line":50,"column":9}},"15":{"start":{"line":52,"column":8},"end":{"line":55,"column":11}},"16":{"start":{"line":52,"column":27},"end":{"line":55,"column":9}},"17":{"start":{"line":58,"column":23},"end":{"line":64,"column":5}},"18":{"start":{"line":59,"column":8},"end":{"line":63,"column":11}},"19":{"start":{"line":59,"column":31},"end":{"line":63,"column":9}},"20":{"start":{"line":66,"column":25},"end":{"line":68,"column":5}},"21":{"start":{"line":67,"column":8},"end":{"line":67,"column":25}},"22":{"start":{"line":69,"column":4},"end":{"line":127,"column":5}},"23":{"start":{"line":88,"column":42},"end":{"line":88,"column":61}},"24":{"start":{"line":104,"column":42},"end":{"line":104,"column":64}}},"fnMap":{"0":{"name":"(anonymous_0)","decl":{"start":{"line":23,"column":43},"end":{"line":23,"column":44}},"loc":{"start":{"line":23,"column":49},"end":{"line":128,"column":1}},"line":23},"1":{"name":"(anonymous_1)","decl":{"start":{"line":26,"column":30},"end":{"line":26,"column":31}},"loc":{"start":{"line":26,"column":49},"end":{"line":41,"column":5}},"line":26},"2":{"name":"(anonymous_2)","decl":{"start":{"line":29,"column":18},"end":{"line":29,"column":19}},"loc":{"start":{"line":29,"column":31},"end":{"line":35,"column":9}},"line":29},"3":{"name":"(anonymous_3)","decl":{"start":{"line":37,"column":16},"end":{"line":37,"column":17}},"loc":{"start":{"line":37,"column":27},"end":{"line":40,"column":9}},"line":37},"4":{"name":"(anonymous_4)","decl":{"start":{"line":43,"column":33},"end":{"line":43,"column":34}},"loc":{"start":{"line":43,"column":52},"end":{"line":56,"column":5}},"line":43},"5":{"name":"(anonymous_5)","decl":{"start":{"line":46,"column":18},"end":{"line":46,"column":19}},"loc":{"start":{"line":46,"column":31},"end":{"line":50,"column":9}},"line":46},"6":{"name":"(anonymous_6)","decl":{"start":{"line":52,"column":16},"end":{"line":52,"column":17}},"loc":{"start":{"line":52,"column":27},"end":{"line":55,"column":9}},"line":52},"7":{"name":"(anonymous_7)","decl":{"start":{"line":58,"column":23},"end":{"line":58,"column":24}},"loc":{"start":{"line":58,"column":50},"end":{"line":64,"column":5}},"line":58},"8":{"name":"(anonymous_8)","decl":{"start":{"line":59,"column":18},"end":{"line":59,"column":19}},"loc":{"start":{"line":59,"column":31},"end":{"line":63,"column":9}},"line":59},"9":{"name":"(anonymous_9)","decl":{"start":{"line":66,"column":25},"end":{"line":66,"column":26}},"loc":{"start":{"line":66,"column":31},"end":{"line":68,"column":5}},"line":66},"10":{"name":"(anonymous_10)","decl":{"start":{"line":88,"column":36},"end":{"line":88,"column":37}},"loc":{"start":{"line":88,"column":42},"end":{"line":88,"column":61}},"line":88},"11":{"name":"(anonymous_11)","decl":{"start":{"line":104,"column":36},"end":{"line":104,"column":37}},"loc":{"start":{"line":104,"column":42},"end":{"line":104,"column":64}},"line":104},"12":{"name":"(anonymous_12)","decl":{"start":{"line":116,"column":37},"end":{"line":116,"column":38}},"loc":{"start":{"line":116,"column":43},"end":{"line":116,"column":45}},"line":116}},"branchMap":{"0":{"loc":{"start":{"line":31,"column":20},"end":{"line":33,"column":39}},"type":"cond-expr","locations":[{"start":{"line":31,"column":42},"end":{"line":31,"column":47}},{"start":{"line":31,"column":50},"end":{"line":33,"column":39}}],"line":31},"1":{"loc":{"start":{"line":31,"column":50},"end":{"line":33,"column":39}},"type":"cond-expr","locations":[{"start":{"line":32,"column":20},"end":{"line":32,"column":40}},{"start":{"line":33,"column":20},"end":{"line":33,"column":39}}],"line":31},"2":{"loc":{"start":{"line":48,"column":23},"end":{"line":48,"column":76}},"type":"cond-expr","locations":[{"start":{"line":48,"column":45},"end":{"line":48,"column":50}},{"start":{"line":48,"column":53},"end":{"line":48,"column":76}}],"line":48},"3":{"loc":{"start":{"line":61,"column":29},"end":{"line":61,"column":80}},"type":"cond-expr","locations":[{"start":{"line":61,"column":51},"end":{"line":61,"column":55}},{"start":{"line":61,"column":58},"end":{"line":61,"column":80}}],"line":61},"4":{"loc":{"start":{"line":62,"column":26},"end":{"line":62,"column":71}},"type":"cond-expr","locations":[{"start":{"line":62,"column":45},"end":{"line":62,"column":49}},{"start":{"line":62,"column":52},"end":{"line":62,"column":71}}],"line":62},"5":{"loc":{"start":{"line":91,"column":25},"end":{"line":93,"column":32}},"type":"cond-expr","locations":[{"start":{"line":92,"column":28},"end":{"line":92,"column":93}},{"start":{"line":93,"column":28},"end":{"line":93,"column":32}}],"line":91},"6":{"loc":{"start":{"line":91,"column":25},"end":{"line":91,"column":60}},"type":"binary-expr","locations":[{"start":{"line":91,"column":25},"end":{"line":91,"column":37}},{"start":{"line":91,"column":41},"end":{"line":91,"column":60}}],"line":91},"7":{"loc":{"start":{"line":108,"column":25},"end":{"line":110,"column":32}},"type":"cond-expr","locations":[{"start":{"line":109,"column":28},"end":{"line":109,"column":70}},{"start":{"line":110,"column":28},"end":{"line":110,"column":32}}],"line":108},"8":{"loc":{"start":{"line":108,"column":25},"end":{"line":108,"column":66}},"type":"binary-expr","locations":[{"start":{"line":108,"column":25},"end":{"line":108,"column":40}},{"start":{"line":108,"column":44},"end":{"line":108,"column":66}}],"line":108},"9":{"loc":{"start":{"line":121,"column":55},"end":{"line":121,"column":90}},"type":"binary-expr","locations":[{"start":{"line":121,"column":55},"end":{"line":121,"column":69}},{"start":{"line":121,"column":73},"end":{"line":121,"column":90}}],"line":121}},"s":{"0":1,"1":1,"2":1,"3":1,"4":1,"5":1,"6":0,"7":0,"8":0,"9":0,"10":0,"11":1,"12":0,"13":0,"14":0,"15":0,"16":0,"17":1,"18":0,"19":0,"20":1,"21":0,"22":1,"23":0,"24":0},"f":{"0":1,"1":0,"2":0,"3":0,"4":0,"5":0,"6":0,"7":0,"8":0,"9":0,"10":0,"11":0,"12":0},"b":{"0":[0,0],"1":[0,0],"2":[0,0],"3":[0,0],"4":[0,0],"5":[0,1],"6":[1,1],"7":[0,1],"8":[1,1],"9":[1,0]},"_coverageSchema":"1a1c01bbd47fc00a2c39e90264f33305004495a9","hash":"2d8684469b872c05796db9792eb14d061f549d41"}
}
