{"C:\\Users\\gmont\\Documents\\tcc\\faeterj-academics\\assets\\app_icon.jpg": {"path":"C:\\Users\\gmont\\Documents\\tcc\\faeterj-academics\\assets\\app_icon.jpg","statementMap":{"0":{"start":{"line":1,"column":0},"end":{"line":1,"column":19}}},"fnMap":{},"branchMap":{},"s":{"0":1},"f":{},"b":{},"_coverageSchema":"1a1c01bbd47fc00a2c39e90264f33305004495a9","hash":"e3dd5ed198e9e96224aa652410b7aba8e1333083"}
,"C:\\Users\\gmont\\Documents\\tcc\\faeterj-academics\\src\\HOC\\withGuestLayout.tsx": {"path":"C:\\Users\\gmont\\Documents\\tcc\\faeterj-academics\\src\\HOC\\withGuestLayout.tsx","statementMap":{"0":{"start":{"line":4,"column":31},"end":{"line":20,"column":1}},"1":{"start":{"line":4,"column":96},"end":{"line":20,"column":1}},"2":{"start":{"line":5,"column":18},"end":{"line":5,"column":28}},"3":{"start":{"line":6,"column":4},"end":{"line":19,"column":6}}},"fnMap":{"0":{"name":"(anonymous_0)","decl":{"start":{"line":4,"column":31},"end":{"line":4,"column":32}},"loc":{"start":{"line":4,"column":96},"end":{"line":20,"column":1}},"line":4},"1":{"name":"(anonymous_1)","decl":{"start":{"line":4,"column":96},"end":{"line":4,"column":97}},"loc":{"start":{"line":4,"column":115},"end":{"line":20,"column":1}},"line":4}},"branchMap":{},"s":{"0":1,"1":1,"2":6,"3":6},"f":{"0":1,"1":6},"b":{},"_coverageSchema":"1a1c01bbd47fc00a2c39e90264f33305004495a9","hash":"99806f8a0e409bdef827f284d86a104ceaeeabfd"}
,"C:\\Users\\gmont\\Documents\\tcc\\faeterj-academics\\src\\components\\ErrorMessage\\index.tsx": {"path":"C:\\Users\\gmont\\Documents\\tcc\\faeterj-academics\\src\\components\\ErrorMessage\\index.tsx","statementMap":{"0":{"start":{"line":5,"column":57},"end":{"line":12,"column":1}},"1":{"start":{"line":6,"column":18},"end":{"line":6,"column":28}},"2":{"start":{"line":7,"column":4},"end":{"line":11,"column":5}}},"fnMap":{"0":{"name":"(anonymous_0)","decl":{"start":{"line":5,"column":57},"end":{"line":5,"column":58}},"loc":{"start":{"line":5,"column":79},"end":{"line":12,"column":1}},"line":5}},"branchMap":{},"s":{"0":1,"1":0,"2":0},"f":{"0":0},"b":{},"_coverageSchema":"1a1c01bbd47fc00a2c39e90264f33305004495a9","hash":"98abe1ada8c508a144a53bc7da8cd2d4217fef94"}
,"C:\\Users\\gmont\\Documents\\tcc\\faeterj-academics\\src\\screens\\login\\index.tsx": {"path":"C:\\Users\\gmont\\Documents\\tcc\\faeterj-academics\\src\\screens\\login\\index.tsx","statementMap":{"0":{"start":{"line":10,"column":20},"end":{"line":13,"column":2}},"1":{"start":{"line":15,"column":27},"end":{"line":80,"column":2}},"2":{"start":{"line":16,"column":35},"end":{"line":19,"column":5}},"3":{"start":{"line":20,"column":25},"end":{"line":22,"column":5}},"4":{"start":{"line":21,"column":8},"end":{"line":21,"column":27}},"5":{"start":{"line":23,"column":4},"end":{"line":79,"column":5}},"6":{"start":{"line":38,"column":24},"end":{"line":74,"column":31}},"7":{"start":{"line":71,"column":68},"end":{"line":71,"column":82}}},"fnMap":{"0":{"name":"(anonymous_0)","decl":{"start":{"line":15,"column":43},"end":{"line":15,"column":44}},"loc":{"start":{"line":15,"column":49},"end":{"line":80,"column":1}},"line":15},"1":{"name":"(anonymous_1)","decl":{"start":{"line":20,"column":25},"end":{"line":20,"column":26}},"loc":{"start":{"line":20,"column":48},"end":{"line":22,"column":5}},"line":20},"2":{"name":"(anonymous_2)","decl":{"start":{"line":31,"column":21},"end":{"line":31,"column":22}},"loc":{"start":{"line":38,"column":24},"end":{"line":74,"column":31}},"line":38},"3":{"name":"(anonymous_3)","decl":{"start":{"line":71,"column":62},"end":{"line":71,"column":63}},"loc":{"start":{"line":71,"column":68},"end":{"line":71,"column":82}},"line":71}},"branchMap":{"0":{"loc":{"start":{"line":51,"column":33},"end":{"line":53,"column":40}},"type":"cond-expr","locations":[{"start":{"line":52,"column":36},"end":{"line":52,"column":101}},{"start":{"line":53,"column":36},"end":{"line":53,"column":40}}],"line":51},"1":{"loc":{"start":{"line":51,"column":33},"end":{"line":51,"column":62}},"type":"binary-expr","locations":[{"start":{"line":51,"column":33},"end":{"line":51,"column":45}},{"start":{"line":51,"column":49},"end":{"line":51,"column":62}}],"line":51},"2":{"loc":{"start":{"line":67,"column":33},"end":{"line":69,"column":40}},"type":"cond-expr","locations":[{"start":{"line":68,"column":36},"end":{"line":68,"column":78}},{"start":{"line":69,"column":36},"end":{"line":69,"column":40}}],"line":67},"3":{"loc":{"start":{"line":67,"column":33},"end":{"line":67,"column":68}},"type":"binary-expr","locations":[{"start":{"line":67,"column":33},"end":{"line":67,"column":48}},{"start":{"line":67,"column":52},"end":{"line":67,"column":68}}],"line":67}},"s":{"0":1,"1":1,"2":7,"3":7,"4":0,"5":7,"6":6,"7":0},"f":{"0":7,"1":0,"2":6,"3":0},"b":{"0":[0,6],"1":[6,0],"2":[0,6],"3":[6,0]},"_coverageSchema":"1a1c01bbd47fc00a2c39e90264f33305004495a9","hash":"34ae795a8f205f4c3835f12fc3aed162cc77dbe3"}
}
