TN:
SF:assets\app_icon.jpg
FNF:0
FNH:0
DA:1,1
LF:1
LH:1
BRF:0
BRH:0
end_of_record
TN:
SF:src\HOC\withGuestLayout.tsx
FN:4,(anonymous_0)
FN:4,(anonymous_1)
FNF:2
FNH:2
FNDA:1,(anonymous_0)
FNDA:8,(anonymous_1)
DA:4,1
DA:5,8
DA:6,8
LF:3
LH:3
BRF:0
BRH:0
end_of_record
TN:
SF:src\components\ErrorMessage\index.tsx
FN:5,(anonymous_0)
FNF:1
FNH:1
FNDA:5,(anonymous_0)
DA:5,1
DA:6,5
DA:7,5
LF:3
LH:3
BRF:0
BRH:0
end_of_record
TN:
SF:src\helpers\constants.ts
FNF:0
FNH:0
DA:1,2
DA:2,2
LF:2
LH:2
BRF:0
BRH:0
end_of_record
TN:
SF:src\helpers\index.tsx
FN:4,(anonymous_0)
FN:16,(anonymous_1)
FNF:2
FNH:2
FNDA:7,(anonymous_0)
FNDA:8,(anonymous_1)
DA:4,2
DA:5,7
DA:10,7
DA:11,4
DA:14,7
DA:16,2
DA:17,8
DA:18,1
DA:24,7
DA:27,6
DA:33,1
LF:11
LH:11
BRDA:10,0,0,4
BRDA:10,0,1,3
BRDA:10,1,0,7
BRDA:10,1,1,5
BRDA:16,2,0,5
BRDA:17,3,0,1
BRDA:17,3,1,7
BRDA:17,4,0,8
BRDA:17,4,1,3
BRDA:24,5,0,6
BRDA:24,5,1,1
BRF:11
BRH:11
end_of_record
TN:
SF:src\screens\login\constants.ts
FNF:0
FNH:0
DA:1,1
DA:2,1
DA:3,1
LF:3
LH:3
BRF:0
BRH:0
end_of_record
TN:
SF:src\screens\login\index.tsx
FN:25,(anonymous_0)
FN:29,(anonymous_1)
FN:31,(anonymous_2)
FN:39,(anonymous_3)
FN:45,(anonymous_4)
FN:47,(anonymous_5)
FN:53,(anonymous_6)
FN:59,(anonymous_7)
FN:60,(anonymous_8)
FN:67,(anonymous_9)
FN:89,(anonymous_10)
FN:105,(anonymous_11)
FN:117,(anonymous_12)
FNF:13
FNH:12
FNDA:16,(anonymous_0)
FNDA:2,(anonymous_1)
FNDA:2,(anonymous_2)
FNDA:2,(anonymous_3)
FNDA:1,(anonymous_4)
FNDA:1,(anonymous_5)
FNDA:1,(anonymous_6)
FNDA:5,(anonymous_7)
FNDA:5,(anonymous_8)
FNDA:0,(anonymous_9)
FNDA:3,(anonymous_10)
FNDA:2,(anonymous_11)
FNDA:1,(anonymous_12)
DA:13,1
DA:18,1
DA:25,1
DA:26,16
DA:27,16
DA:28,16
DA:29,16
DA:30,2
DA:31,2
DA:39,2
DA:45,16
DA:46,1
DA:47,1
DA:53,1
DA:59,16
DA:60,5
DA:67,16
DA:68,0
DA:70,16
DA:89,3
DA:105,2
DA:117,1
LF:22
LH:21
BRDA:33,0,0,0
BRDA:33,0,1,2
BRDA:33,1,0,0
BRDA:33,1,1,2
BRDA:49,2,0,0
BRDA:49,2,1,1
BRDA:62,3,0,2
BRDA:62,3,1,3
BRDA:63,4,0,3
BRDA:63,4,1,2
BRDA:92,5,0,3
BRDA:92,5,1,13
BRDA:92,6,0,16
BRDA:92,6,1,16
BRDA:109,7,0,2
BRDA:109,7,1,14
BRDA:109,8,0,16
BRDA:109,8,1,16
BRDA:122,9,0,16
BRDA:122,9,1,0
BRF:20
BRH:16
end_of_record
