TN:
SF:assets\app_icon.jpg
FNF:0
FNH:0
DA:1,1
LF:1
LH:1
BRF:0
BRH:0
end_of_record
TN:
SF:src\HOC\withGuestLayout.tsx
FN:4,(anonymous_0)
FN:4,(anonymous_1)
FNF:2
FNH:2
FNDA:1,(anonymous_0)
FNDA:7,(anonymous_1)
DA:4,1
DA:5,7
DA:6,7
LF:3
LH:3
BRF:0
BRH:0
end_of_record
TN:
SF:src\components\ErrorMessage\index.tsx
FN:5,(anonymous_0)
FNF:1
FNH:1
FNDA:3,(anonymous_0)
DA:5,1
DA:6,3
DA:7,3
LF:3
LH:3
BRF:0
BRH:0
end_of_record
TN:
SF:src\helpers\constants.ts
FNF:0
FNH:0
DA:1,1
DA:2,1
LF:2
LH:2
BRF:0
BRH:0
end_of_record
TN:
SF:src\helpers\index.tsx
FN:4,(anonymous_0)
FN:16,(anonymous_1)
FNF:2
FNH:2
FNDA:2,(anonymous_0)
FNDA:2,(anonymous_1)
DA:4,1
DA:5,2
DA:10,2
DA:11,0
DA:14,2
DA:16,1
DA:17,2
DA:18,0
DA:24,2
DA:27,2
DA:33,0
LF:11
LH:8
BRDA:10,0,0,0
BRDA:10,0,1,2
BRDA:10,1,0,2
BRDA:10,1,1,2
BRDA:16,2,0,0
BRDA:17,3,0,0
BRDA:17,3,1,2
BRDA:17,4,0,2
BRDA:17,4,1,2
BRDA:24,5,0,2
BRDA:24,5,1,0
BRF:11
BRH:7
end_of_record
TN:
SF:src\screens\login\constants.ts
FNF:0
FNH:0
DA:1,1
DA:2,1
DA:3,1
LF:3
LH:3
BRF:0
BRH:0
end_of_record
TN:
SF:src\screens\login\index.tsx
FN:25,(anonymous_0)
FN:29,(anonymous_1)
FN:32,(anonymous_2)
FN:40,(anonymous_3)
FN:46,(anonymous_4)
FN:49,(anonymous_5)
FN:55,(anonymous_6)
FN:61,(anonymous_7)
FN:62,(anonymous_8)
FN:69,(anonymous_9)
FN:91,(anonymous_10)
FN:107,(anonymous_11)
FN:119,(anonymous_12)
FNF:13
FNH:8
FNDA:12,(anonymous_0)
FNDA:2,(anonymous_1)
FNDA:2,(anonymous_2)
FNDA:2,(anonymous_3)
FNDA:0,(anonymous_4)
FNDA:0,(anonymous_5)
FNDA:0,(anonymous_6)
FNDA:3,(anonymous_7)
FNDA:3,(anonymous_8)
FNDA:0,(anonymous_9)
FNDA:3,(anonymous_10)
FNDA:0,(anonymous_11)
FNDA:1,(anonymous_12)
DA:13,1
DA:18,1
DA:25,1
DA:26,12
DA:27,12
DA:28,12
DA:29,12
DA:30,2
DA:32,2
DA:40,2
DA:46,12
DA:47,0
DA:49,0
DA:55,0
DA:61,12
DA:62,3
DA:69,12
DA:70,0
DA:72,12
DA:91,3
DA:107,0
DA:119,1
LF:22
LH:17
BRDA:34,0,0,0
BRDA:34,0,1,2
BRDA:34,1,0,0
BRDA:34,1,1,2
BRDA:51,2,0,0
BRDA:51,2,1,0
BRDA:64,3,0,0
BRDA:64,3,1,3
BRDA:65,4,0,3
BRDA:65,4,1,0
BRDA:94,5,0,3
BRDA:94,5,1,9
BRDA:94,6,0,12
BRDA:94,6,1,12
BRDA:111,7,0,0
BRDA:111,7,1,12
BRDA:111,8,0,12
BRDA:111,8,1,12
BRDA:124,9,0,12
BRDA:124,9,1,0
BRF:20
BRH:12
end_of_record
